TN:
SF:bin/setup.js
FN:13,(anonymous_0)
FN:33,(anonymous_1)
FN:39,(anonymous_2)
FN:49,printHelp
FN:76,main
FN:169,detectLanguage
FN:202,setupTool
FN:216,handleExistingConfig
FN:303,(anonymous_8)
FN:311,(anonymous_9)
FN:354,copyDirectorySync
FN:371,handleExistingCursorConfig
FN:451,setupClaude
FN:545,setupCursor
FN:582,setupKilo
FN:637,setupRoo
FN:692,setupSymlink
FN:761,createLocalReadme
FN:829,setupDevFolder
FN:867,generateArchitectureDoc
FN:905,(anonymous_20)
FN:938,(anonymous_21)
FN:974,generateTodoTemplate
FN:1000,generateDevReadme
FN:1057,printNextSteps
FN:1061,(anonymous_25)
FN:1113,handleReviewCommand
FNF:27
FNH:0
FNDA:0,(anonymous_0)
FNDA:0,(anonymous_1)
FNDA:0,(anonymous_2)
FNDA:0,printHelp
FNDA:0,main
FNDA:0,detectLanguage
FNDA:0,setupTool
FNDA:0,handleExistingConfig
FNDA:0,(anonymous_8)
FNDA:0,(anonymous_9)
FNDA:0,copyDirectorySync
FNDA:0,handleExistingCursorConfig
FNDA:0,setupClaude
FNDA:0,setupCursor
FNDA:0,setupKilo
FNDA:0,setupRoo
FNDA:0,setupSymlink
FNDA:0,createLocalReadme
FNDA:0,setupDevFolder
FNDA:0,generateArchitectureDoc
FNDA:0,(anonymous_20)
FNDA:0,(anonymous_21)
FNDA:0,generateTodoTemplate
FNDA:0,generateDevReadme
FNDA:0,printNextSteps
FNDA:0,(anonymous_25)
FNDA:0,handleReviewCommand
DA:3,0
DA:4,0
DA:5,0
DA:6,0
DA:8,0
DA:9,0
DA:10,0
DA:13,0
DA:14,0
DA:18,0
DA:19,0
DA:22,0
DA:23,0
DA:24,0
DA:27,0
DA:28,0
DA:29,0
DA:32,0
DA:33,0
DA:34,0
DA:35,0
DA:37,0
DA:38,0
DA:39,0
DA:40,0
DA:41,0
DA:44,0
DA:45,0
DA:46,0
DA:50,0
DA:51,0
DA:52,0
DA:53,0
DA:54,0
DA:55,0
DA:56,0
DA:57,0
DA:58,0
DA:59,0
DA:60,0
DA:61,0
DA:62,0
DA:63,0
DA:64,0
DA:65,0
DA:66,0
DA:67,0
DA:68,0
DA:69,0
DA:70,0
DA:71,0
DA:72,0
DA:73,0
DA:77,0
DA:78,0
DA:80,0
DA:81,0
DA:85,0
DA:88,0
DA:89,0
DA:90,0
DA:99,0
DA:100,0
DA:104,0
DA:106,0
DA:118,0
DA:121,0
DA:124,0
DA:142,0
DA:143,0
DA:144,0
DA:146,0
DA:149,0
DA:150,0
DA:151,0
DA:154,0
DA:155,0
DA:158,0
DA:159,0
DA:163,0
DA:165,0
DA:166,0
DA:171,0
DA:172,0
DA:176,0
DA:177,0
DA:178,0
DA:179,0
DA:180,0
DA:181,0
DA:184,0
DA:191,0
DA:195,0
DA:199,0
DA:203,0
DA:205,0
DA:206,0
DA:207,0
DA:208,0
DA:209,0
DA:210,0
DA:211,0
DA:212,0
DA:217,0
DA:219,0
DA:250,0
DA:251,0
DA:254,0
DA:256,0
DA:257,0
DA:258,0
DA:260,0
DA:263,0
DA:264,0
DA:265,0
DA:266,0
DA:267,0
DA:269,0
DA:270,0
DA:271,0
DA:273,0
DA:277,0
DA:280,0
DA:281,0
DA:282,0
DA:283,0
DA:284,0
DA:285,0
DA:287,0
DA:291,0
DA:294,0
DA:296,0
DA:297,0
DA:300,0
DA:303,0
DA:304,0
DA:305,0
DA:309,0
DA:310,0
DA:311,0
DA:312,0
DA:313,0
DA:317,0
DA:319,0
DA:322,0
DA:323,0
DA:324,0
DA:325,0
DA:326,0
DA:327,0
DA:331,0
DA:332,0
DA:333,0
DA:334,0
DA:335,0
DA:336,0
DA:339,0
DA:340,0
DA:342,0
DA:343,0
DA:345,0
DA:350,0
DA:355,0
DA:356,0
DA:358,0
DA:359,0
DA:360,0
DA:361,0
DA:363,0
DA:364,0
DA:366,0
DA:372,0
DA:374,0
DA:405,0
DA:406,0
DA:409,0
DA:411,0
DA:412,0
DA:414,0
DA:415,0
DA:418,0
DA:420,0
DA:423,0
DA:425,0
DA:428,0
DA:429,0
DA:430,0
DA:431,0
DA:432,0
DA:434,0
DA:435,0
DA:439,0
DA:441,0
DA:442,0
DA:444,0
DA:447,0
DA:452,0
DA:453,0
DA:456,0
DA:458,0
DA:460,0
DA:461,0
DA:462,0
DA:463,0
DA:467,0
DA:468,0
DA:472,0
DA:475,0
DA:476,0
DA:480,0
DA:481,0
DA:482,0
DA:485,0
DA:486,0
DA:488,0
DA:489,0
DA:491,0
DA:495,0
DA:496,0
DA:497,0
DA:498,0
DA:502,0
DA:505,0
DA:506,0
DA:507,0
DA:510,0
DA:511,0
DA:513,0
DA:514,0
DA:518,0
DA:519,0
DA:521,0
DA:522,0
DA:523,0
DA:532,0
DA:533,0
DA:535,0
DA:538,0
DA:542,0
DA:546,0
DA:547,0
DA:549,0
DA:550,0
DA:551,0
DA:555,0
DA:556,0
DA:557,0
DA:559,0
DA:560,0
DA:561,0
DA:562,0
DA:566,0
DA:570,0
DA:573,0
DA:574,0
DA:575,0
DA:576,0
DA:579,0
DA:583,0
DA:586,0
DA:588,0
DA:590,0
DA:591,0
DA:592,0
DA:593,0
DA:597,0
DA:598,0
DA:602,0
DA:605,0
DA:606,0
DA:610,0
DA:611,0
DA:612,0
DA:615,0
DA:616,0
DA:618,0
DA:619,0
DA:621,0
DA:625,0
DA:626,0
DA:627,0
DA:628,0
DA:632,0
DA:634,0
DA:638,0
DA:641,0
DA:643,0
DA:645,0
DA:646,0
DA:647,0
DA:648,0
DA:652,0
DA:653,0
DA:657,0
DA:660,0
DA:661,0
DA:665,0
DA:666,0
DA:667,0
DA:670,0
DA:671,0
DA:673,0
DA:674,0
DA:676,0
DA:680,0
DA:681,0
DA:682,0
DA:683,0
DA:687,0
DA:689,0
DA:694,0
DA:695,0
DA:696,0
DA:697,0
DA:699,0
DA:708,0
DA:709,0
DA:710,0
DA:713,0
DA:714,0
DA:716,0
DA:722,0
DA:723,0
DA:728,0
DA:729,0
DA:731,0
DA:734,0
DA:735,0
DA:739,0
DA:740,0
DA:742,0
DA:748,0
DA:750,0
DA:751,0
DA:752,0
DA:753,0
DA:754,0
DA:756,0
DA:762,0
DA:763,0
DA:764,0
DA:767,0
DA:826,0
DA:830,0
DA:832,0
DA:835,0
DA:836,0
DA:837,0
DA:841,0
DA:842,0
DA:843,0
DA:844,0
DA:847,0
DA:848,0
DA:849,0
DA:850,0
DA:851,0
DA:853,0
DA:857,0
DA:858,0
DA:859,0
DA:860,0
DA:861,0
DA:864,0
DA:868,0
DA:871,0
DA:872,0
DA:873,0
DA:877,0
DA:878,0
DA:880,0
DA:881,0
DA:882,0
DA:883,0
DA:889,0
DA:890,0
DA:891,0
DA:892,0
DA:893,0
DA:894,0
DA:901,0
DA:902,0
DA:903,0
DA:904,0
DA:905,0
DA:906,0
DA:907,0
DA:914,0
DA:938,0
DA:975,0
DA:1001,0
DA:1058,0
DA:1059,0
DA:1060,0
DA:1061,0
DA:1062,0
DA:1063,0
DA:1064,0
DA:1067,0
DA:1068,0
DA:1070,0
DA:1071,0
DA:1072,0
DA:1073,0
DA:1074,0
DA:1075,0
DA:1076,0
DA:1077,0
DA:1078,0
DA:1079,0
DA:1080,0
DA:1081,0
DA:1084,0
DA:1085,0
DA:1086,0
DA:1087,0
DA:1090,0
DA:1091,0
DA:1092,0
DA:1093,0
DA:1094,0
DA:1095,0
DA:1096,0
DA:1099,0
DA:1100,0
DA:1101,0
DA:1102,0
DA:1103,0
DA:1104,0
DA:1105,0
DA:1108,0
DA:1109,0
DA:1110,0
DA:1114,0
DA:1117,0
DA:1124,0
DA:1127,0
DA:1130,0
DA:1131,0
LF:439
LH:0
BRDA:22,0,0,0
BRDA:22,0,1,0
BRDA:22,1,0,0
BRDA:22,1,1,0
BRDA:27,2,0,0
BRDA:27,2,1,0
BRDA:27,3,0,0
BRDA:27,3,1,0
BRDA:32,4,0,0
BRDA:32,4,1,0
BRDA:37,5,0,0
BRDA:37,5,1,0
BRDA:37,6,0,0
BRDA:37,6,1,0
BRDA:37,6,2,0
BRDA:37,6,3,0
BRDA:40,7,0,0
BRDA:40,7,1,0
BRDA:76,8,0,0
BRDA:77,9,0,0
BRDA:77,9,1,0
BRDA:80,10,0,0
BRDA:80,10,1,0
BRDA:88,11,0,0
BRDA:88,11,1,0
BRDA:99,12,0,0
BRDA:99,12,1,0
BRDA:104,13,0,0
BRDA:104,13,1,0
BRDA:142,14,0,0
BRDA:142,14,1,0
BRDA:149,15,0,0
BRDA:149,15,1,0
BRDA:165,16,0,0
BRDA:165,16,1,0
BRDA:171,17,0,0
BRDA:171,17,1,0
BRDA:177,18,0,0
BRDA:177,18,1,0
BRDA:180,19,0,0
BRDA:180,19,1,0
BRDA:180,20,0,0
BRDA:180,20,1,0
BRDA:191,21,0,0
BRDA:191,21,1,0
BRDA:191,22,0,0
BRDA:191,22,1,0
BRDA:191,22,2,0
BRDA:191,22,3,0
BRDA:205,23,0,0
BRDA:205,23,1,0
BRDA:207,24,0,0
BRDA:207,24,1,0
BRDA:209,25,0,0
BRDA:209,25,1,0
BRDA:211,26,0,0
BRDA:211,26,1,0
BRDA:250,27,0,0
BRDA:250,27,1,0
BRDA:254,28,0,0
BRDA:254,28,1,0
BRDA:265,29,0,0
BRDA:265,29,1,0
BRDA:270,30,0,0
BRDA:270,30,1,0
BRDA:281,31,0,0
BRDA:281,31,1,0
BRDA:284,32,0,0
BRDA:284,32,1,0
BRDA:294,33,0,0
BRDA:294,33,1,0
BRDA:294,34,0,0
BRDA:294,34,1,0
BRDA:305,35,0,0
BRDA:305,35,1,0
BRDA:310,36,0,0
BRDA:310,36,1,0
BRDA:313,37,0,0
BRDA:313,37,1,0
BRDA:317,38,0,0
BRDA:317,38,1,0
BRDA:317,39,0,0
BRDA:317,39,1,0
BRDA:339,40,0,0
BRDA:339,40,1,0
BRDA:342,41,0,0
BRDA:342,41,1,0
BRDA:363,42,0,0
BRDA:363,42,1,0
BRDA:405,43,0,0
BRDA:405,43,1,0
BRDA:409,44,0,0
BRDA:409,44,1,0
BRDA:423,45,0,0
BRDA:423,45,1,0
BRDA:423,46,0,0
BRDA:423,46,1,0
BRDA:428,47,0,0
BRDA:428,47,1,0
BRDA:441,48,0,0
BRDA:441,48,1,0
BRDA:456,49,0,0
BRDA:456,49,1,0
BRDA:458,50,0,0
BRDA:458,50,1,0
BRDA:461,51,0,0
BRDA:461,51,1,0
BRDA:475,52,0,0
BRDA:475,52,1,0
BRDA:488,53,0,0
BRDA:488,53,1,0
BRDA:496,54,0,0
BRDA:496,54,1,0
BRDA:513,55,0,0
BRDA:513,55,1,0
BRDA:513,56,0,0
BRDA:513,56,1,0
BRDA:521,57,0,0
BRDA:521,57,1,0
BRDA:522,58,0,0
BRDA:522,58,1,0
BRDA:532,59,0,0
BRDA:532,59,1,0
BRDA:549,60,0,0
BRDA:549,60,1,0
BRDA:555,61,0,0
BRDA:555,61,1,0
BRDA:557,62,0,0
BRDA:557,62,1,0
BRDA:560,63,0,0
BRDA:560,63,1,0
BRDA:574,64,0,0
BRDA:574,64,1,0
BRDA:586,65,0,0
BRDA:586,65,1,0
BRDA:588,66,0,0
BRDA:588,66,1,0
BRDA:591,67,0,0
BRDA:591,67,1,0
BRDA:605,68,0,0
BRDA:605,68,1,0
BRDA:618,69,0,0
BRDA:618,69,1,0
BRDA:626,70,0,0
BRDA:626,70,1,0
BRDA:641,71,0,0
BRDA:641,71,1,0
BRDA:643,72,0,0
BRDA:643,72,1,0
BRDA:646,73,0,0
BRDA:646,73,1,0
BRDA:660,74,0,0
BRDA:660,74,1,0
BRDA:673,75,0,0
BRDA:673,75,1,0
BRDA:681,76,0,0
BRDA:681,76,1,0
BRDA:694,77,0,0
BRDA:694,77,1,0
BRDA:696,78,0,0
BRDA:696,78,1,0
BRDA:708,79,0,0
BRDA:708,79,1,0
BRDA:713,80,0,0
BRDA:713,80,1,0
BRDA:728,81,0,0
BRDA:728,81,1,0
BRDA:729,82,0,0
BRDA:729,82,1,0
BRDA:731,83,0,0
BRDA:731,83,1,0
BRDA:739,84,0,0
BRDA:739,84,1,0
BRDA:739,85,0,0
BRDA:739,85,1,0
BRDA:748,86,0,0
BRDA:748,86,1,0
BRDA:748,87,0,0
BRDA:748,87,1,0
BRDA:750,88,0,0
BRDA:750,88,1,0
BRDA:750,89,0,0
BRDA:750,89,1,0
BRDA:763,90,0,0
BRDA:763,90,1,0
BRDA:835,91,0,0
BRDA:835,91,1,0
BRDA:848,92,0,0
BRDA:848,92,1,0
BRDA:858,93,0,0
BRDA:858,93,1,0
BRDA:873,94,0,0
BRDA:873,94,1,0
BRDA:873,94,2,0
BRDA:880,95,0,0
BRDA:880,95,1,0
BRDA:884,96,0,0
BRDA:884,96,1,0
BRDA:885,97,0,0
BRDA:885,97,1,0
BRDA:889,98,0,0
BRDA:889,98,1,0
BRDA:890,99,0,0
BRDA:890,99,1,0
BRDA:891,100,0,0
BRDA:891,100,1,0
BRDA:892,101,0,0
BRDA:892,101,1,0
BRDA:893,102,0,0
BRDA:893,102,1,0
BRDA:894,103,0,0
BRDA:894,103,1,0
BRDA:902,104,0,0
BRDA:902,104,1,0
BRDA:928,105,0,0
BRDA:928,105,1,0
BRDA:929,106,0,0
BRDA:929,106,1,0
BRDA:930,107,0,0
BRDA:930,107,1,0
BRDA:931,108,0,0
BRDA:931,108,1,0
BRDA:932,109,0,0
BRDA:932,109,1,0
BRDA:933,110,0,0
BRDA:933,110,1,0
BRDA:938,111,0,0
BRDA:938,111,1,0
BRDA:1057,112,0,0
BRDA:1058,113,0,0
BRDA:1058,113,1,0
BRDA:1070,114,0,0
BRDA:1070,114,1,0
BRDA:1084,115,0,0
BRDA:1084,115,1,0
BRDA:1090,116,0,0
BRDA:1090,116,1,0
BRDA:1099,117,0,0
BRDA:1099,117,1,0
BRDA:1120,118,0,0
BRDA:1120,118,1,0
BRDA:1130,119,0,0
BRDA:1130,119,1,0
BRF:243
BRH:0
end_of_record
TN:
SF:scripts/review.js
FN:13,(anonymous_0)
FN:39,(anonymous_1)
FN:67,(anonymous_2)
FN:70,(anonymous_3)
FN:97,(anonymous_4)
FN:129,(anonymous_5)
FN:132,(anonymous_6)
FN:152,(anonymous_7)
FN:155,(anonymous_8)
FN:161,(anonymous_9)
FN:178,(anonymous_10)
FN:181,(anonymous_11)
FN:184,(anonymous_12)
FN:185,(anonymous_13)
FN:193,(anonymous_14)
FN:194,(anonymous_15)
FN:207,(anonymous_16)
FN:210,(anonymous_17)
FN:230,(anonymous_18)
FN:257,(anonymous_19)
FN:296,(anonymous_20)
FN:343,(anonymous_21)
FN:404,(anonymous_22)
FN:446,(anonymous_23)
FN:454,(anonymous_24)
FN:457,(anonymous_25)
FN:489,(anonymous_26)
FN:511,(anonymous_27)
FN:523,(anonymous_28)
FN:543,(anonymous_29)
FN:558,(anonymous_30)
FNF:31
FNH:14
FNDA:23,(anonymous_0)
FNDA:0,(anonymous_1)
FNDA:0,(anonymous_2)
FNDA:0,(anonymous_3)
FNDA:0,(anonymous_4)
FNDA:2,(anonymous_5)
FNDA:29,(anonymous_6)
FNDA:0,(anonymous_7)
FNDA:0,(anonymous_8)
FNDA:0,(anonymous_9)
FNDA:3,(anonymous_10)
FNDA:71,(anonymous_11)
FNDA:3,(anonymous_12)
FNDA:3,(anonymous_13)
FNDA:2,(anonymous_14)
FNDA:2,(anonymous_15)
FNDA:1,(anonymous_16)
FNDA:23,(anonymous_17)
FNDA:0,(anonymous_18)
FNDA:0,(anonymous_19)
FNDA:0,(anonymous_20)
FNDA:0,(anonymous_21)
FNDA:0,(anonymous_22)
FNDA:0,(anonymous_23)
FNDA:0,(anonymous_24)
FNDA:0,(anonymous_25)
FNDA:0,(anonymous_26)
FNDA:7,(anonymous_27)
FNDA:4,(anonymous_28)
FNDA:10,(anonymous_29)
FNDA:0,(anonymous_30)
DA:3,1
DA:4,1
DA:5,1
DA:14,23
DA:15,23
DA:21,23
DA:27,23
DA:32,23
DA:33,23
DA:40,0
DA:43,0
DA:44,0
DA:45,0
DA:49,0
DA:50,0
DA:53,0
DA:56,0
DA:59,0
DA:61,0
DA:68,0
DA:70,0
DA:71,0
DA:73,0
DA:74,0
DA:76,0
DA:78,0
DA:79,0
DA:81,0
DA:83,0
DA:84,0
DA:90,0
DA:91,0
DA:98,0
DA:100,0
DA:101,0
DA:102,0
DA:103,0
DA:110,0
DA:119,0
DA:121,0
DA:130,2
DA:132,2
DA:133,29
DA:134,3
DA:135,3
DA:136,3
DA:142,29
DA:145,2
DA:146,2
DA:153,0
DA:155,0
DA:156,0
DA:157,0
DA:161,0
DA:162,0
DA:163,0
DA:168,0
DA:171,0
DA:172,0
DA:179,3
DA:181,3
DA:182,71
DA:183,3
DA:184,3
DA:185,3
DA:187,3
DA:193,2
DA:194,2
DA:197,71
DA:200,3
DA:201,3
DA:208,1
DA:210,1
DA:211,23
DA:212,2
DA:213,2
DA:220,23
DA:223,1
DA:224,1
DA:231,0
DA:234,0
DA:237,0
DA:240,0
DA:243,0
DA:246,0
DA:249,0
DA:251,0
DA:258,0
DA:259,0
DA:260,0
DA:262,0
DA:263,0
DA:265,0
DA:266,0
DA:269,0
DA:270,0
DA:280,0
DA:281,0
DA:297,0
DA:298,0
DA:299,0
DA:301,0
DA:303,0
DA:304,0
DA:314,0
DA:315,0
DA:316,0
DA:326,0
DA:327,0
DA:334,0
DA:344,0
DA:345,0
DA:348,0
DA:349,0
DA:350,0
DA:353,0
DA:354,0
DA:355,0
DA:358,0
DA:359,0
DA:371,0
DA:372,0
DA:373,0
DA:376,0
DA:377,0
DA:387,0
DA:388,0
DA:405,0
DA:406,0
DA:407,0
DA:410,0
DA:411,0
DA:413,0
DA:414,0
DA:426,0
DA:427,0
DA:429,0
DA:430,0
DA:447,0
DA:448,0
DA:449,0
DA:451,0
DA:452,0
DA:454,0
DA:455,0
DA:457,0
DA:458,0
DA:461,0
DA:462,0
DA:472,0
DA:473,0
DA:490,0
DA:491,0
DA:492,0
DA:495,0
DA:496,0
DA:497,0
DA:512,7
DA:513,7
DA:514,5
DA:515,4
DA:516,2
DA:517,1
DA:525,4
DA:526,2
DA:527,2
DA:528,2
DA:532,2
DA:533,2
DA:534,1
DA:535,1
DA:537,1
DA:544,10
DA:551,10
DA:552,10
DA:559,0
DA:561,0
DA:562,0
DA:563,0
DA:566,0
DA:567,0
DA:568,0
DA:569,0
DA:570,0
DA:571,0
DA:572,0
DA:575,0
DA:576,0
DA:577,0
DA:578,0
DA:579,0
DA:580,0
DA:581,0
DA:586,0
DA:587,0
DA:588,0
DA:589,0
DA:590,0
DA:591,0
DA:592,0
DA:597,0
DA:598,0
DA:599,0
DA:600,0
DA:601,0
DA:602,0
DA:603,0
DA:607,0
DA:610,0
DA:611,0
DA:613,0
DA:618,1
LF:212
LH:57
BRDA:13,0,0,22
BRDA:16,1,0,23
BRDA:16,1,1,22
BRDA:17,2,0,23
BRDA:17,2,1,22
BRDA:18,3,0,23
BRDA:18,3,1,22
BRDA:43,4,0,0
BRDA:43,4,1,0
BRDA:76,5,0,0
BRDA:76,5,1,0
BRDA:78,6,0,0
BRDA:78,6,1,0
BRDA:81,7,0,0
BRDA:81,7,1,0
BRDA:81,8,0,0
BRDA:81,8,1,0
BRDA:83,9,0,0
BRDA:83,9,1,0
BRDA:133,10,0,3
BRDA:133,10,1,26
BRDA:135,11,0,3
BRDA:135,11,1,0
BRDA:156,12,0,0
BRDA:156,12,1,0
BRDA:156,13,0,0
BRDA:156,13,1,0
BRDA:161,14,0,0
BRDA:161,14,1,0
BRDA:162,15,0,0
BRDA:162,15,1,0
BRDA:182,16,0,3
BRDA:182,16,1,68
BRDA:183,17,0,3
BRDA:183,17,1,0
BRDA:193,18,0,3
BRDA:193,18,1,2
BRDA:194,19,0,3
BRDA:194,19,1,2
BRDA:211,20,0,2
BRDA:211,20,1,21
BRDA:217,21,0,2
BRDA:217,21,1,2
BRDA:260,22,0,0
BRDA:260,22,1,0
BRDA:263,23,0,0
BRDA:263,23,1,0
BRDA:269,24,0,0
BRDA:269,24,1,0
BRDA:269,25,0,0
BRDA:269,25,1,0
BRDA:269,25,2,0
BRDA:280,26,0,0
BRDA:280,26,1,0
BRDA:280,27,0,0
BRDA:280,27,1,0
BRDA:299,28,0,0
BRDA:299,28,1,0
BRDA:303,29,0,0
BRDA:303,29,1,0
BRDA:315,30,0,0
BRDA:315,30,1,0
BRDA:315,31,0,0
BRDA:315,31,1,0
BRDA:326,32,0,0
BRDA:326,32,1,0
BRDA:350,33,0,0
BRDA:350,33,1,0
BRDA:354,34,0,0
BRDA:354,34,1,0
BRDA:358,35,0,0
BRDA:358,35,1,0
BRDA:372,36,0,0
BRDA:372,36,1,0
BRDA:376,37,0,0
BRDA:376,37,1,0
BRDA:387,38,0,0
BRDA:387,38,1,0
BRDA:407,39,0,0
BRDA:407,39,1,0
BRDA:411,40,0,0
BRDA:411,40,1,0
BRDA:413,41,0,0
BRDA:413,41,1,0
BRDA:427,42,0,0
BRDA:427,42,1,0
BRDA:429,43,0,0
BRDA:429,43,1,0
BRDA:449,44,0,0
BRDA:449,44,1,0
BRDA:452,45,0,0
BRDA:452,45,1,0
BRDA:461,46,0,0
BRDA:461,46,1,0
BRDA:461,47,0,0
BRDA:461,47,1,0
BRDA:472,48,0,0
BRDA:472,48,1,0
BRDA:472,49,0,0
BRDA:472,49,1,0
BRDA:472,49,2,0
BRDA:492,50,0,0
BRDA:492,50,1,0
BRDA:496,51,0,0
BRDA:496,51,1,0
BRDA:513,52,0,2
BRDA:513,52,1,5
BRDA:514,53,0,1
BRDA:514,53,1,4
BRDA:515,54,0,2
BRDA:515,54,1,2
BRDA:516,55,0,1
BRDA:516,55,1,1
BRDA:525,56,0,2
BRDA:525,56,1,2
BRDA:532,57,0,0
BRDA:532,57,1,2
BRDA:533,58,0,1
BRDA:533,58,1,1
BRDA:534,59,0,0
BRDA:534,59,1,1
BRDA:535,60,0,0
BRDA:535,60,1,1
BRDA:551,61,0,4
BRDA:551,61,1,6
BRDA:551,62,0,3
BRDA:551,62,1,3
BRDA:575,63,0,0
BRDA:575,63,1,0
BRDA:578,64,0,0
BRDA:578,64,1,0
BRDA:586,65,0,0
BRDA:586,65,1,0
BRDA:589,66,0,0
BRDA:589,66,1,0
BRDA:597,67,0,0
BRDA:597,67,1,0
BRDA:597,68,0,0
BRDA:597,68,1,0
BRDA:600,69,0,0
BRDA:600,69,1,0
BRDA:610,70,0,0
BRDA:610,70,1,0
BRDA:610,71,0,0
BRDA:610,71,1,0
BRF:145
BRH:40
end_of_record
