TN:
SF:bin\setup.js
FN:13,(anonymous_0)
FN:33,(anonymous_1)
FN:38,(anonymous_2)
FN:44,(anonymous_3)
FN:54,printHelp
FN:82,main
FN:183,detectLanguage
FN:216,setupTool
FN:230,handleExistingConfig
FN:295,(anonymous_9)
FN:303,(anonymous_10)
FN:346,copyDirectorySync
FN:363,handleExistingCursorConfig
FN:437,setupClaude
FN:469,(anonymous_14)
FN:556,setupCursor
FN:593,setupKilo
FN:648,setupRoo
FN:703,copyDirectory
FN:721,setupSymlink
FN:803,createLocalReadme
FN:871,setupDevFolder
FN:910,setupCentralizedRules
FN:959,setupTypeScriptConfig
FN:1004,createLocalRulesReadme
FN:1065,generateRulesReadme
FN:1114,generateArchitectureDoc
FN:1152,(anonymous_27)
FN:1185,(anonymous_28)
FN:1221,generateTodoTemplate
FN:1247,generateDevReadme
FN:1304,printNextSteps
FN:1308,(anonymous_32)
FN:1362,handleCommitTodoCommand
FN:1380,handleReviewCommand
FNF:35
FNH:0
FNDA:0,(anonymous_0)
FNDA:0,(anonymous_1)
FNDA:0,(anonymous_2)
FNDA:0,(anonymous_3)
FNDA:0,printHelp
FNDA:0,main
FNDA:0,detectLanguage
FNDA:0,setupTool
FNDA:0,handleExistingConfig
FNDA:0,(anonymous_9)
FNDA:0,(anonymous_10)
FNDA:0,copyDirectorySync
FNDA:0,handleExistingCursorConfig
FNDA:0,setupClaude
FNDA:0,(anonymous_14)
FNDA:0,setupCursor
FNDA:0,setupKilo
FNDA:0,setupRoo
FNDA:0,copyDirectory
FNDA:0,setupSymlink
FNDA:0,createLocalReadme
FNDA:0,setupDevFolder
FNDA:0,setupCentralizedRules
FNDA:0,setupTypeScriptConfig
FNDA:0,createLocalRulesReadme
FNDA:0,generateRulesReadme
FNDA:0,generateArchitectureDoc
FNDA:0,(anonymous_27)
FNDA:0,(anonymous_28)
FNDA:0,generateTodoTemplate
FNDA:0,generateDevReadme
FNDA:0,printNextSteps
FNDA:0,(anonymous_32)
FNDA:0,handleCommitTodoCommand
FNDA:0,handleReviewCommand
DA:3,0
DA:4,0
DA:5,0
DA:6,0
DA:8,0
DA:9,0
DA:10,0
DA:13,0
DA:14,0
DA:18,0
DA:19,0
DA:22,0
DA:23,0
DA:24,0
DA:27,0
DA:28,0
DA:29,0
DA:32,0
DA:33,0
DA:34,0
DA:35,0
DA:37,0
DA:38,0
DA:39,0
DA:40,0
DA:42,0
DA:43,0
DA:44,0
DA:45,0
DA:46,0
DA:49,0
DA:50,0
DA:51,0
DA:55,0
DA:56,0
DA:57,0
DA:58,0
DA:59,0
DA:60,0
DA:61,0
DA:62,0
DA:63,0
DA:64,0
DA:65,0
DA:66,0
DA:67,0
DA:68,0
DA:69,0
DA:70,0
DA:71,0
DA:72,0
DA:73,0
DA:74,0
DA:75,0
DA:76,0
DA:77,0
DA:78,0
DA:79,0
DA:83,0
DA:84,0
DA:86,0
DA:87,0
DA:91,0
DA:94,0
DA:95,0
DA:96,0
DA:105,0
DA:106,0
DA:110,0
DA:112,0
DA:124,0
DA:127,0
DA:130,0
DA:148,0
DA:149,0
DA:150,0
DA:152,0
DA:155,0
DA:156,0
DA:157,0
DA:160,0
DA:161,0
DA:164,0
DA:165,0
DA:169,0
DA:172,0
DA:175,0
DA:176,0
DA:179,0
DA:180,0
DA:185,0
DA:186,0
DA:190,0
DA:191,0
DA:192,0
DA:193,0
DA:194,0
DA:195,0
DA:198,0
DA:205,0
DA:209,0
DA:213,0
DA:217,0
DA:219,0
DA:220,0
DA:221,0
DA:222,0
DA:223,0
DA:224,0
DA:225,0
DA:226,0
DA:231,0
DA:233,0
DA:264,0
DA:265,0
DA:268,0
DA:270,0
DA:271,0
DA:272,0
DA:273,0
DA:274,0
DA:275,0
DA:277,0
DA:281,0
DA:283,0
DA:286,0
DA:288,0
DA:289,0
DA:292,0
DA:295,0
DA:296,0
DA:297,0
DA:301,0
DA:302,0
DA:303,0
DA:304,0
DA:305,0
DA:309,0
DA:311,0
DA:314,0
DA:315,0
DA:316,0
DA:317,0
DA:318,0
DA:319,0
DA:323,0
DA:324,0
DA:325,0
DA:326,0
DA:327,0
DA:328,0
DA:331,0
DA:332,0
DA:334,0
DA:335,0
DA:337,0
DA:342,0
DA:347,0
DA:348,0
DA:350,0
DA:351,0
DA:352,0
DA:353,0
DA:355,0
DA:356,0
DA:358,0
DA:364,0
DA:366,0
DA:397,0
DA:398,0
DA:401,0
DA:403,0
DA:404,0
DA:406,0
DA:409,0
DA:411,0
DA:414,0
DA:415,0
DA:416,0
DA:417,0
DA:418,0
DA:420,0
DA:421,0
DA:425,0
DA:427,0
DA:428,0
DA:430,0
DA:433,0
DA:438,0
DA:439,0
DA:442,0
DA:444,0
DA:446,0
DA:447,0
DA:448,0
DA:449,0
DA:453,0
DA:454,0
DA:458,0
DA:459,0
DA:462,0
DA:463,0
DA:464,0
DA:468,0
DA:469,0
DA:470,0
DA:471,0
DA:472,0
DA:475,0
DA:476,0
DA:477,0
DA:480,0
DA:484,0
DA:485,0
DA:487,0
DA:488,0
DA:492,0
DA:493,0
DA:495,0
DA:497,0
DA:498,0
DA:502,0
DA:503,0
DA:504,0
DA:505,0
DA:508,0
DA:509,0
DA:512,0
DA:513,0
DA:514,0
DA:520,0
DA:523,0
DA:527,0
DA:528,0
DA:530,0
DA:531,0
DA:532,0
DA:541,0
DA:542,0
DA:543,0
DA:545,0
DA:548,0
DA:549,0
DA:553,0
DA:557,0
DA:558,0
DA:560,0
DA:561,0
DA:562,0
DA:566,0
DA:567,0
DA:568,0
DA:570,0
DA:571,0
DA:572,0
DA:573,0
DA:577,0
DA:581,0
DA:584,0
DA:585,0
DA:586,0
DA:587,0
DA:590,0
DA:594,0
DA:597,0
DA:599,0
DA:601,0
DA:602,0
DA:603,0
DA:604,0
DA:608,0
DA:609,0
DA:613,0
DA:616,0
DA:617,0
DA:621,0
DA:622,0
DA:623,0
DA:626,0
DA:627,0
DA:629,0
DA:630,0
DA:632,0
DA:636,0
DA:637,0
DA:638,0
DA:639,0
DA:643,0
DA:645,0
DA:649,0
DA:652,0
DA:654,0
DA:656,0
DA:657,0
DA:658,0
DA:659,0
DA:663,0
DA:664,0
DA:668,0
DA:671,0
DA:672,0
DA:676,0
DA:677,0
DA:678,0
DA:681,0
DA:682,0
DA:684,0
DA:685,0
DA:687,0
DA:691,0
DA:692,0
DA:693,0
DA:694,0
DA:698,0
DA:700,0
DA:704,0
DA:705,0
DA:708,0
DA:709,0
DA:710,0
DA:711,0
DA:713,0
DA:714,0
DA:716,0
DA:723,0
DA:724,0
DA:725,0
DA:726,0
DA:728,0
DA:737,0
DA:738,0
DA:739,0
DA:742,0
DA:743,0
DA:745,0
DA:751,0
DA:752,0
DA:757,0
DA:758,0
DA:760,0
DA:763,0
DA:764,0
DA:768,0
DA:769,0
DA:771,0
DA:777,0
DA:778,0
DA:780,0
DA:781,0
DA:782,0
DA:784,0
DA:785,0
DA:786,0
DA:788,0
DA:790,0
DA:791,0
DA:793,0
DA:794,0
DA:797,0
DA:798,0
DA:804,0
DA:805,0
DA:806,0
DA:809,0
DA:868,0
DA:872,0
DA:874,0
DA:877,0
DA:878,0
DA:879,0
DA:883,0
DA:884,0
DA:885,0
DA:886,0
DA:887,0
DA:890,0
DA:891,0
DA:892,0
DA:893,0
DA:894,0
DA:896,0
DA:900,0
DA:901,0
DA:902,0
DA:903,0
DA:904,0
DA:907,0
DA:911,0
DA:912,0
DA:914,0
DA:917,0
DA:918,0
DA:919,0
DA:923,0
DA:924,0
DA:925,0
DA:928,0
DA:929,0
DA:930,0
DA:932,0
DA:933,0
DA:935,0
DA:939,0
DA:940,0
DA:941,0
DA:942,0
DA:946,0
DA:949,0
DA:950,0
DA:951,0
DA:952,0
DA:953,0
DA:956,0
DA:960,0
DA:962,0
DA:969,0
DA:970,0
DA:971,0
DA:974,0
DA:975,0
DA:976,0
DA:980,0
DA:981,0
DA:982,0
DA:983,0
DA:986,0
DA:987,0
DA:988,0
DA:992,0
DA:993,0
DA:997,0
DA:998,0
DA:1001,0
DA:1005,0
DA:1006,0
DA:1007,0
DA:1010,0
DA:1062,0
DA:1066,0
DA:1115,0
DA:1118,0
DA:1119,0
DA:1120,0
DA:1124,0
DA:1125,0
DA:1127,0
DA:1128,0
DA:1129,0
DA:1130,0
DA:1136,0
DA:1137,0
DA:1138,0
DA:1139,0
DA:1140,0
DA:1141,0
DA:1148,0
DA:1149,0
DA:1150,0
DA:1151,0
DA:1152,0
DA:1153,0
DA:1154,0
DA:1161,0
DA:1185,0
DA:1222,0
DA:1248,0
DA:1305,0
DA:1306,0
DA:1307,0
DA:1308,0
DA:1309,0
DA:1310,0
DA:1311,0
DA:1314,0
DA:1315,0
DA:1317,0
DA:1318,0
DA:1319,0
DA:1320,0
DA:1321,0
DA:1322,0
DA:1323,0
DA:1324,0
DA:1325,0
DA:1326,0
DA:1327,0
DA:1328,0
DA:1331,0
DA:1332,0
DA:1333,0
DA:1334,0
DA:1335,0
DA:1338,0
DA:1339,0
DA:1340,0
DA:1341,0
DA:1342,0
DA:1345,0
DA:1346,0
DA:1347,0
DA:1348,0
DA:1349,0
DA:1352,0
DA:1353,0
DA:1354,0
DA:1356,0
DA:1357,0
DA:1358,0
DA:1359,0
DA:1363,0
DA:1365,0
DA:1367,0
DA:1369,0
DA:1371,0
DA:1372,0
DA:1375,0
DA:1376,0
DA:1381,0
DA:1384,0
DA:1391,0
DA:1394,0
DA:1397,0
DA:1398,0
LF:523
LH:0
BRDA:22,0,0,0
BRDA:22,0,1,0
BRDA:22,1,0,0
BRDA:22,1,1,0
BRDA:27,2,0,0
BRDA:27,2,1,0
BRDA:27,3,0,0
BRDA:27,3,1,0
BRDA:32,4,0,0
BRDA:32,4,1,0
BRDA:37,5,0,0
BRDA:37,5,1,0
BRDA:42,6,0,0
BRDA:42,6,1,0
BRDA:42,7,0,0
BRDA:42,7,1,0
BRDA:42,7,2,0
BRDA:42,7,3,0
BRDA:45,8,0,0
BRDA:45,8,1,0
BRDA:82,9,0,0
BRDA:83,10,0,0
BRDA:83,10,1,0
BRDA:86,11,0,0
BRDA:86,11,1,0
BRDA:94,12,0,0
BRDA:94,12,1,0
BRDA:105,13,0,0
BRDA:105,13,1,0
BRDA:110,14,0,0
BRDA:110,14,1,0
BRDA:148,15,0,0
BRDA:148,15,1,0
BRDA:155,16,0,0
BRDA:155,16,1,0
BRDA:175,17,0,0
BRDA:175,17,1,0
BRDA:179,18,0,0
BRDA:179,18,1,0
BRDA:185,19,0,0
BRDA:185,19,1,0
BRDA:191,20,0,0
BRDA:191,20,1,0
BRDA:194,21,0,0
BRDA:194,21,1,0
BRDA:194,22,0,0
BRDA:194,22,1,0
BRDA:205,23,0,0
BRDA:205,23,1,0
BRDA:205,24,0,0
BRDA:205,24,1,0
BRDA:205,24,2,0
BRDA:205,24,3,0
BRDA:219,25,0,0
BRDA:219,25,1,0
BRDA:221,26,0,0
BRDA:221,26,1,0
BRDA:223,27,0,0
BRDA:223,27,1,0
BRDA:225,28,0,0
BRDA:225,28,1,0
BRDA:264,29,0,0
BRDA:264,29,1,0
BRDA:268,30,0,0
BRDA:268,30,1,0
BRDA:274,31,0,0
BRDA:274,31,1,0
BRDA:286,32,0,0
BRDA:286,32,1,0
BRDA:286,33,0,0
BRDA:286,33,1,0
BRDA:297,34,0,0
BRDA:297,34,1,0
BRDA:302,35,0,0
BRDA:302,35,1,0
BRDA:305,36,0,0
BRDA:305,36,1,0
BRDA:309,37,0,0
BRDA:309,37,1,0
BRDA:309,38,0,0
BRDA:309,38,1,0
BRDA:331,39,0,0
BRDA:331,39,1,0
BRDA:334,40,0,0
BRDA:334,40,1,0
BRDA:355,41,0,0
BRDA:355,41,1,0
BRDA:397,42,0,0
BRDA:397,42,1,0
BRDA:401,43,0,0
BRDA:401,43,1,0
BRDA:409,44,0,0
BRDA:409,44,1,0
BRDA:409,45,0,0
BRDA:409,45,1,0
BRDA:414,46,0,0
BRDA:414,46,1,0
BRDA:427,47,0,0
BRDA:427,47,1,0
BRDA:442,48,0,0
BRDA:442,48,1,0
BRDA:444,49,0,0
BRDA:444,49,1,0
BRDA:447,50,0,0
BRDA:447,50,1,0
BRDA:462,51,0,0
BRDA:462,51,1,0
BRDA:468,52,0,0
BRDA:468,52,1,0
BRDA:468,53,0,0
BRDA:468,53,1,0
BRDA:475,54,0,0
BRDA:475,54,1,0
BRDA:475,55,0,0
BRDA:475,55,1,0
BRDA:487,56,0,0
BRDA:487,56,1,0
BRDA:487,57,0,0
BRDA:487,57,1,0
BRDA:495,58,0,0
BRDA:495,58,1,0
BRDA:495,59,0,0
BRDA:495,59,1,0
BRDA:497,60,0,0
BRDA:497,60,1,0
BRDA:508,61,0,0
BRDA:508,61,1,0
BRDA:512,62,0,0
BRDA:512,62,1,0
BRDA:530,63,0,0
BRDA:530,63,1,0
BRDA:531,64,0,0
BRDA:531,64,1,0
BRDA:541,65,0,0
BRDA:541,65,1,0
BRDA:560,66,0,0
BRDA:560,66,1,0
BRDA:566,67,0,0
BRDA:566,67,1,0
BRDA:568,68,0,0
BRDA:568,68,1,0
BRDA:571,69,0,0
BRDA:571,69,1,0
BRDA:585,70,0,0
BRDA:585,70,1,0
BRDA:597,71,0,0
BRDA:597,71,1,0
BRDA:599,72,0,0
BRDA:599,72,1,0
BRDA:602,73,0,0
BRDA:602,73,1,0
BRDA:616,74,0,0
BRDA:616,74,1,0
BRDA:629,75,0,0
BRDA:629,75,1,0
BRDA:637,76,0,0
BRDA:637,76,1,0
BRDA:652,77,0,0
BRDA:652,77,1,0
BRDA:654,78,0,0
BRDA:654,78,1,0
BRDA:657,79,0,0
BRDA:657,79,1,0
BRDA:671,80,0,0
BRDA:671,80,1,0
BRDA:684,81,0,0
BRDA:684,81,1,0
BRDA:692,82,0,0
BRDA:692,82,1,0
BRDA:704,83,0,0
BRDA:704,83,1,0
BRDA:713,84,0,0
BRDA:713,84,1,0
BRDA:721,85,0,0
BRDA:723,86,0,0
BRDA:723,86,1,0
BRDA:725,87,0,0
BRDA:725,87,1,0
BRDA:737,88,0,0
BRDA:737,88,1,0
BRDA:742,89,0,0
BRDA:742,89,1,0
BRDA:757,90,0,0
BRDA:757,90,1,0
BRDA:758,91,0,0
BRDA:758,91,1,0
BRDA:760,92,0,0
BRDA:760,92,1,0
BRDA:768,93,0,0
BRDA:768,93,1,0
BRDA:768,94,0,0
BRDA:768,94,1,0
BRDA:777,95,0,0
BRDA:777,95,1,0
BRDA:777,96,0,0
BRDA:777,96,1,0
BRDA:780,97,0,0
BRDA:780,97,1,0
BRDA:780,98,0,0
BRDA:780,98,1,0
BRDA:780,98,2,0
BRDA:785,99,0,0
BRDA:785,99,1,0
BRDA:805,100,0,0
BRDA:805,100,1,0
BRDA:877,101,0,0
BRDA:877,101,1,0
BRDA:891,102,0,0
BRDA:891,102,1,0
BRDA:901,103,0,0
BRDA:901,103,1,0
BRDA:917,104,0,0
BRDA:917,104,1,0
BRDA:932,105,0,0
BRDA:932,105,1,0
BRDA:940,106,0,0
BRDA:940,106,1,0
BRDA:950,107,0,0
BRDA:950,107,1,0
BRDA:974,108,0,0
BRDA:974,108,1,0
BRDA:980,109,0,0
BRDA:980,109,1,0
BRDA:1006,110,0,0
BRDA:1006,110,1,0
BRDA:1120,111,0,0
BRDA:1120,111,1,0
BRDA:1120,111,2,0
BRDA:1127,112,0,0
BRDA:1127,112,1,0
BRDA:1131,113,0,0
BRDA:1131,113,1,0
BRDA:1132,114,0,0
BRDA:1132,114,1,0
BRDA:1136,115,0,0
BRDA:1136,115,1,0
BRDA:1137,116,0,0
BRDA:1137,116,1,0
BRDA:1138,117,0,0
BRDA:1138,117,1,0
BRDA:1139,118,0,0
BRDA:1139,118,1,0
BRDA:1140,119,0,0
BRDA:1140,119,1,0
BRDA:1141,120,0,0
BRDA:1141,120,1,0
BRDA:1149,121,0,0
BRDA:1149,121,1,0
BRDA:1175,122,0,0
BRDA:1175,122,1,0
BRDA:1176,123,0,0
BRDA:1176,123,1,0
BRDA:1177,124,0,0
BRDA:1177,124,1,0
BRDA:1178,125,0,0
BRDA:1178,125,1,0
BRDA:1179,126,0,0
BRDA:1179,126,1,0
BRDA:1180,127,0,0
BRDA:1180,127,1,0
BRDA:1185,128,0,0
BRDA:1185,128,1,0
BRDA:1304,129,0,0
BRDA:1305,130,0,0
BRDA:1305,130,1,0
BRDA:1317,131,0,0
BRDA:1317,131,1,0
BRDA:1331,132,0,0
BRDA:1331,132,1,0
BRDA:1338,133,0,0
BRDA:1338,133,1,0
BRDA:1345,134,0,0
BRDA:1345,134,1,0
BRDA:1352,135,0,0
BRDA:1352,135,1,0
BRDA:1369,136,0,0
BRDA:1369,136,1,0
BRDA:1369,136,2,0
BRDA:1387,137,0,0
BRDA:1387,137,1,0
BRDA:1397,138,0,0
BRDA:1397,138,1,0
BRF:282
BRH:0
end_of_record
TN:
SF:scripts\migrate-to-centralized.js
FN:18,log
FN:27,detectExistingProviders
FN:69,backupExistingFiles
FN:97,copyDirectorySync
FN:114,migrateProviderRules
FN:161,setupCentralizedRules
FN:325,detectLanguage
FN:358,main
FN:371,(anonymous_8)
FN:452,updateClaudeConfig
FN:485,updateCursorConfig
FN:535,updateKiloConfig
FN:565,updateRooConfig
FN:597,(anonymous_13)
FNF:14
FNH:0
FNDA:0,log
FNDA:0,detectExistingProviders
FNDA:0,backupExistingFiles
FNDA:0,copyDirectorySync
FNDA:0,migrateProviderRules
FNDA:0,setupCentralizedRules
FNDA:0,detectLanguage
FNDA:0,main
FNDA:0,(anonymous_8)
FNDA:0,updateClaudeConfig
FNDA:0,updateCursorConfig
FNDA:0,updateKiloConfig
FNDA:0,updateRooConfig
FNDA:0,(anonymous_13)
DA:10,0
DA:11,0
DA:12,0
DA:13,0
DA:15,0
DA:16,0
DA:19,0
DA:20,0
DA:24,0
DA:28,0
DA:31,0
DA:32,0
DA:40,0
DA:41,0
DA:49,0
DA:50,0
DA:58,0
DA:59,0
DA:66,0
DA:70,0
DA:71,0
DA:74,0
DA:75,0
DA:77,0
DA:79,0
DA:80,0
DA:81,0
DA:83,0
DA:84,0
DA:86,0
DA:87,0
DA:88,0
DA:90,0
DA:94,0
DA:98,0
DA:99,0
DA:101,0
DA:102,0
DA:103,0
DA:104,0
DA:106,0
DA:107,0
DA:109,0
DA:115,0
DA:117,0
DA:118,0
DA:119,0
DA:122,0
DA:123,0
DA:124,0
DA:125,0
DA:129,0
DA:130,0
DA:134,0
DA:135,0
DA:136,0
DA:140,0
DA:141,0
DA:143,0
DA:144,0
DA:145,0
DA:148,0
DA:149,0
DA:151,0
DA:152,0
DA:153,0
DA:156,0
DA:157,0
DA:162,0
DA:163,0
DA:165,0
DA:168,0
DA:169,0
DA:170,0
DA:173,0
DA:174,0
DA:175,0
DA:179,0
DA:180,0
DA:181,0
DA:182,0
DA:184,0
DA:185,0
DA:188,0
DA:189,0
DA:190,0
DA:192,0
DA:193,0
DA:194,0
DA:196,0
DA:197,0
DA:199,0
DA:203,0
DA:204,0
DA:205,0
DA:206,0
DA:210,0
DA:211,0
DA:212,0
DA:213,0
DA:217,0
DA:218,0
DA:220,0
DA:221,0
DA:222,0
DA:224,0
DA:225,0
DA:226,0
DA:227,0
DA:231,0
DA:236,0
DA:283,0
DA:284,0
DA:285,0
DA:288,0
DA:289,0
DA:290,0
DA:319,0
DA:322,0
DA:327,0
DA:328,0
DA:332,0
DA:333,0
DA:334,0
DA:335,0
DA:336,0
DA:337,0
DA:340,0
DA:347,0
DA:351,0
DA:355,0
DA:359,0
DA:360,0
DA:363,0
DA:365,0
DA:366,0
DA:367,0
DA:370,0
DA:371,0
DA:372,0
DA:373,0
DA:376,0
DA:385,0
DA:386,0
DA:387,0
DA:390,0
DA:393,0
DA:394,0
DA:395,0
DA:398,0
DA:399,0
DA:400,0
DA:401,0
DA:402,0
DA:406,0
DA:409,0
DA:418,0
DA:419,0
DA:420,0
DA:421,0
DA:422,0
DA:429,0
DA:432,0
DA:434,0
DA:435,0
DA:436,0
DA:437,0
DA:438,0
DA:439,0
DA:440,0
DA:441,0
DA:442,0
DA:446,0
DA:447,0
DA:448,0
DA:449,0
DA:453,0
DA:454,0
DA:481,0
DA:482,0
DA:486,0
DA:487,0
DA:531,0
DA:532,0
DA:536,0
DA:537,0
DA:561,0
DA:562,0
DA:566,0
DA:567,0
DA:591,0
DA:592,0
DA:596,0
DA:597,0
DA:598,0
DA:599,0
DA:603,0
LF:197
LH:0
BRDA:18,0,0,0
BRDA:20,1,0,0
BRDA:20,1,1,0
BRDA:21,2,0,0
BRDA:21,2,1,0
BRDA:22,3,0,0
BRDA:22,3,1,0
BRDA:31,4,0,0
BRDA:31,4,1,0
BRDA:40,5,0,0
BRDA:40,5,1,0
BRDA:49,6,0,0
BRDA:49,6,1,0
BRDA:58,7,0,0
BRDA:58,7,1,0
BRDA:70,8,0,0
BRDA:70,8,1,0
BRDA:81,9,0,0
BRDA:81,9,1,0
BRDA:87,10,0,0
BRDA:87,10,1,0
BRDA:106,11,0,0
BRDA:106,11,1,0
BRDA:117,12,0,0
BRDA:117,12,1,0
BRDA:123,13,0,0
BRDA:123,13,1,0
BRDA:129,14,0,0
BRDA:129,14,1,0
BRDA:135,15,0,0
BRDA:135,15,1,0
BRDA:144,16,0,0
BRDA:144,16,1,0
BRDA:144,17,0,0
BRDA:144,17,1,0
BRDA:144,17,2,0
BRDA:144,17,3,0
BRDA:156,18,0,0
BRDA:156,18,1,0
BRDA:168,19,0,0
BRDA:168,19,1,0
BRDA:173,20,0,0
BRDA:173,20,1,0
BRDA:181,21,0,0
BRDA:181,21,1,0
BRDA:192,22,0,0
BRDA:192,22,1,0
BRDA:193,23,0,0
BRDA:193,23,1,0
BRDA:204,24,0,0
BRDA:204,24,1,0
BRDA:211,25,0,0
BRDA:211,25,1,0
BRDA:224,26,0,0
BRDA:224,26,1,0
BRDA:224,27,0,0
BRDA:224,27,1,0
BRDA:284,28,0,0
BRDA:284,28,1,0
BRDA:289,29,0,0
BRDA:289,29,1,0
BRDA:327,30,0,0
BRDA:327,30,1,0
BRDA:333,31,0,0
BRDA:333,31,1,0
BRDA:336,32,0,0
BRDA:336,32,1,0
BRDA:336,33,0,0
BRDA:336,33,1,0
BRDA:347,34,0,0
BRDA:347,34,1,0
BRDA:347,35,0,0
BRDA:347,35,1,0
BRDA:347,35,2,0
BRDA:347,35,3,0
BRDA:365,36,0,0
BRDA:365,36,1,0
BRDA:372,37,0,0
BRDA:372,37,1,0
BRDA:385,38,0,0
BRDA:385,38,1,0
BRDA:394,39,0,0
BRDA:394,39,1,0
BRDA:399,40,0,0
BRDA:399,40,1,0
BRDA:401,41,0,0
BRDA:401,41,1,0
BRDA:418,42,0,0
BRDA:418,42,1,0
BRDA:420,43,0,0
BRDA:420,43,1,0
BRDA:435,44,0,0
BRDA:435,44,1,0
BRDA:437,45,0,0
BRDA:437,45,1,0
BRDA:439,46,0,0
BRDA:439,46,1,0
BRDA:441,47,0,0
BRDA:441,47,1,0
BRDA:596,48,0,0
BRDA:596,48,1,0
BRF:101
BRH:0
end_of_record
TN:
SF:scripts\review.js
FN:13,(anonymous_0)
FN:39,(anonymous_1)
FN:67,(anonymous_2)
FN:70,(anonymous_3)
FN:97,(anonymous_4)
FN:129,(anonymous_5)
FN:132,(anonymous_6)
FN:152,(anonymous_7)
FN:155,(anonymous_8)
FN:161,(anonymous_9)
FN:178,(anonymous_10)
FN:181,(anonymous_11)
FN:184,(anonymous_12)
FN:185,(anonymous_13)
FN:193,(anonymous_14)
FN:194,(anonymous_15)
FN:207,(anonymous_16)
FN:210,(anonymous_17)
FN:230,(anonymous_18)
FN:257,(anonymous_19)
FN:296,(anonymous_20)
FN:343,(anonymous_21)
FN:404,(anonymous_22)
FN:446,(anonymous_23)
FN:454,(anonymous_24)
FN:457,(anonymous_25)
FN:489,(anonymous_26)
FN:511,(anonymous_27)
FN:523,(anonymous_28)
FN:543,(anonymous_29)
FN:558,(anonymous_30)
FNF:31
FNH:14
FNDA:23,(anonymous_0)
FNDA:0,(anonymous_1)
FNDA:0,(anonymous_2)
FNDA:0,(anonymous_3)
FNDA:0,(anonymous_4)
FNDA:2,(anonymous_5)
FNDA:29,(anonymous_6)
FNDA:0,(anonymous_7)
FNDA:0,(anonymous_8)
FNDA:0,(anonymous_9)
FNDA:3,(anonymous_10)
FNDA:71,(anonymous_11)
FNDA:3,(anonymous_12)
FNDA:3,(anonymous_13)
FNDA:2,(anonymous_14)
FNDA:2,(anonymous_15)
FNDA:1,(anonymous_16)
FNDA:23,(anonymous_17)
FNDA:0,(anonymous_18)
FNDA:0,(anonymous_19)
FNDA:0,(anonymous_20)
FNDA:0,(anonymous_21)
FNDA:0,(anonymous_22)
FNDA:0,(anonymous_23)
FNDA:0,(anonymous_24)
FNDA:0,(anonymous_25)
FNDA:0,(anonymous_26)
FNDA:7,(anonymous_27)
FNDA:4,(anonymous_28)
FNDA:10,(anonymous_29)
FNDA:0,(anonymous_30)
DA:3,1
DA:4,1
DA:5,1
DA:14,23
DA:15,23
DA:21,23
DA:27,23
DA:32,23
DA:33,23
DA:40,0
DA:43,0
DA:44,0
DA:45,0
DA:49,0
DA:50,0
DA:53,0
DA:56,0
DA:59,0
DA:61,0
DA:68,0
DA:70,0
DA:71,0
DA:73,0
DA:74,0
DA:76,0
DA:78,0
DA:79,0
DA:81,0
DA:83,0
DA:84,0
DA:90,0
DA:91,0
DA:98,0
DA:100,0
DA:101,0
DA:102,0
DA:103,0
DA:110,0
DA:119,0
DA:121,0
DA:130,2
DA:132,2
DA:133,29
DA:134,3
DA:135,3
DA:136,3
DA:142,29
DA:145,2
DA:146,2
DA:153,0
DA:155,0
DA:156,0
DA:157,0
DA:161,0
DA:162,0
DA:163,0
DA:168,0
DA:171,0
DA:172,0
DA:179,3
DA:181,3
DA:182,71
DA:183,3
DA:184,3
DA:185,3
DA:187,3
DA:193,2
DA:194,2
DA:197,71
DA:200,3
DA:201,3
DA:208,1
DA:210,1
DA:211,23
DA:212,2
DA:213,2
DA:220,23
DA:223,1
DA:224,1
DA:231,0
DA:234,0
DA:237,0
DA:240,0
DA:243,0
DA:246,0
DA:249,0
DA:251,0
DA:258,0
DA:259,0
DA:260,0
DA:262,0
DA:263,0
DA:265,0
DA:266,0
DA:269,0
DA:270,0
DA:280,0
DA:281,0
DA:297,0
DA:298,0
DA:299,0
DA:301,0
DA:303,0
DA:304,0
DA:314,0
DA:315,0
DA:316,0
DA:326,0
DA:327,0
DA:334,0
DA:344,0
DA:345,0
DA:348,0
DA:349,0
DA:350,0
DA:353,0
DA:354,0
DA:355,0
DA:358,0
DA:359,0
DA:371,0
DA:372,0
DA:373,0
DA:376,0
DA:377,0
DA:387,0
DA:388,0
DA:405,0
DA:406,0
DA:407,0
DA:410,0
DA:411,0
DA:413,0
DA:414,0
DA:426,0
DA:427,0
DA:429,0
DA:430,0
DA:447,0
DA:448,0
DA:449,0
DA:451,0
DA:452,0
DA:454,0
DA:455,0
DA:457,0
DA:458,0
DA:461,0
DA:462,0
DA:472,0
DA:473,0
DA:490,0
DA:491,0
DA:492,0
DA:495,0
DA:496,0
DA:497,0
DA:512,7
DA:513,7
DA:514,5
DA:515,4
DA:516,2
DA:517,1
DA:525,4
DA:526,2
DA:527,2
DA:528,2
DA:532,2
DA:533,2
DA:534,1
DA:535,1
DA:537,1
DA:544,10
DA:551,10
DA:552,10
DA:559,0
DA:561,0
DA:562,0
DA:563,0
DA:566,0
DA:567,0
DA:568,0
DA:569,0
DA:570,0
DA:571,0
DA:572,0
DA:575,0
DA:576,0
DA:577,0
DA:578,0
DA:579,0
DA:580,0
DA:581,0
DA:586,0
DA:587,0
DA:588,0
DA:589,0
DA:590,0
DA:591,0
DA:592,0
DA:597,0
DA:598,0
DA:599,0
DA:600,0
DA:601,0
DA:602,0
DA:603,0
DA:607,0
DA:610,0
DA:611,0
DA:613,0
DA:618,1
LF:212
LH:57
BRDA:13,0,0,22
BRDA:16,1,0,23
BRDA:16,1,1,22
BRDA:17,2,0,23
BRDA:17,2,1,22
BRDA:18,3,0,23
BRDA:18,3,1,22
BRDA:43,4,0,0
BRDA:43,4,1,0
BRDA:76,5,0,0
BRDA:76,5,1,0
BRDA:78,6,0,0
BRDA:78,6,1,0
BRDA:81,7,0,0
BRDA:81,7,1,0
BRDA:81,8,0,0
BRDA:81,8,1,0
BRDA:83,9,0,0
BRDA:83,9,1,0
BRDA:133,10,0,3
BRDA:133,10,1,26
BRDA:135,11,0,3
BRDA:135,11,1,0
BRDA:156,12,0,0
BRDA:156,12,1,0
BRDA:156,13,0,0
BRDA:156,13,1,0
BRDA:161,14,0,0
BRDA:161,14,1,0
BRDA:162,15,0,0
BRDA:162,15,1,0
BRDA:182,16,0,3
BRDA:182,16,1,68
BRDA:183,17,0,3
BRDA:183,17,1,0
BRDA:193,18,0,3
BRDA:193,18,1,2
BRDA:194,19,0,3
BRDA:194,19,1,2
BRDA:211,20,0,2
BRDA:211,20,1,21
BRDA:217,21,0,2
BRDA:217,21,1,2
BRDA:260,22,0,0
BRDA:260,22,1,0
BRDA:263,23,0,0
BRDA:263,23,1,0
BRDA:269,24,0,0
BRDA:269,24,1,0
BRDA:269,25,0,0
BRDA:269,25,1,0
BRDA:269,25,2,0
BRDA:280,26,0,0
BRDA:280,26,1,0
BRDA:280,27,0,0
BRDA:280,27,1,0
BRDA:299,28,0,0
BRDA:299,28,1,0
BRDA:303,29,0,0
BRDA:303,29,1,0
BRDA:315,30,0,0
BRDA:315,30,1,0
BRDA:315,31,0,0
BRDA:315,31,1,0
BRDA:326,32,0,0
BRDA:326,32,1,0
BRDA:350,33,0,0
BRDA:350,33,1,0
BRDA:354,34,0,0
BRDA:354,34,1,0
BRDA:358,35,0,0
BRDA:358,35,1,0
BRDA:372,36,0,0
BRDA:372,36,1,0
BRDA:376,37,0,0
BRDA:376,37,1,0
BRDA:387,38,0,0
BRDA:387,38,1,0
BRDA:407,39,0,0
BRDA:407,39,1,0
BRDA:411,40,0,0
BRDA:411,40,1,0
BRDA:413,41,0,0
BRDA:413,41,1,0
BRDA:427,42,0,0
BRDA:427,42,1,0
BRDA:429,43,0,0
BRDA:429,43,1,0
BRDA:449,44,0,0
BRDA:449,44,1,0
BRDA:452,45,0,0
BRDA:452,45,1,0
BRDA:461,46,0,0
BRDA:461,46,1,0
BRDA:461,47,0,0
BRDA:461,47,1,0
BRDA:472,48,0,0
BRDA:472,48,1,0
BRDA:472,49,0,0
BRDA:472,49,1,0
BRDA:472,49,2,0
BRDA:492,50,0,0
BRDA:492,50,1,0
BRDA:496,51,0,0
BRDA:496,51,1,0
BRDA:513,52,0,2
BRDA:513,52,1,5
BRDA:514,53,0,1
BRDA:514,53,1,4
BRDA:515,54,0,2
BRDA:515,54,1,2
BRDA:516,55,0,1
BRDA:516,55,1,1
BRDA:525,56,0,2
BRDA:525,56,1,2
BRDA:532,57,0,0
BRDA:532,57,1,2
BRDA:533,58,0,1
BRDA:533,58,1,1
BRDA:534,59,0,0
BRDA:534,59,1,1
BRDA:535,60,0,0
BRDA:535,60,1,1
BRDA:551,61,0,4
BRDA:551,61,1,6
BRDA:551,62,0,3
BRDA:551,62,1,3
BRDA:575,63,0,0
BRDA:575,63,1,0
BRDA:578,64,0,0
BRDA:578,64,1,0
BRDA:586,65,0,0
BRDA:586,65,1,0
BRDA:589,66,0,0
BRDA:589,66,1,0
BRDA:597,67,0,0
BRDA:597,67,1,0
BRDA:597,68,0,0
BRDA:597,68,1,0
BRDA:600,69,0,0
BRDA:600,69,1,0
BRDA:610,70,0,0
BRDA:610,70,1,0
BRDA:610,71,0,0
BRDA:610,71,1,0
BRF:145
BRH:40
end_of_record
